<?xml version="1.0" encoding="UTF-8"?>
<testsuite xmlns:xsi="http://www.w3.org/2001/XMLSchema-instance" xsi:noNamespaceSchemaLocation="https://maven.apache.org/surefire/maven-surefire-plugin/xsd/surefire-test-report.xsd" name="ru.netology.manager.ProductManagerTest" time="1.91" tests="4" errors="0" skipped="0" failures="0">
  <properties>
[...]
</properties>
  <testcase name="shouldFindAuthorName" classname="ru.netology.manager.ProductManagerTest" time="1.766"/>
  <testcase name="shouldFindNameProducer" classname="ru.netology.manager.ProductManagerTest" time="0.004"/>
  <testcase name="shouldFindProducer" classname="ru.netology.manager.ProductManagerTest" time="0.007"/>
  <testcase name="shouldNotFindAnything" classname="ru.netology.manager.ProductManagerTest" time="0.01"/>
</testsuite>